[2024-05-25 10:37:37] (ERROR in xPDO\xPDOConnection::connect @ /Applications/MAMP/htdocs/itsy_project/core/vendor/xpdo/xpdo/src/xPDO/xPDOConnection.php : 89) SQLSTATE[HY000] [2002] No such file or directory
[2024-05-25 10:37:37] (ERROR @ /Applications/MAMP/htdocs/itsy_project/core/vendor/xpdo/xpdo/src/xPDO/Om/xPDOQuery.php : 670) Could not construct or prepare query because it is invalid or could not connect: SELECT `modExtensionPackage`.`id`, `modExtensionPackage`.`namespace`, `modExtensionPackage`.`name`, `modExtensionPackage`.`path`, `modExtensionPackage`.`table_prefix`, `modExtensionPackage`.`service_class`, `modExtensionPackage`.`service_name`, `modExtensionPackage`.`created_at`, `modExtensionPackage`.`updated_at`, Namespace.path AS namespace_path FROM `itsy_extension_packages` AS `modExtensionPackage` JOIN `itsy_namespaces` `Namespace` ON `modExtensionPackage`.`namespace` =  `Namespace`.`name` ORDER BY namespace ASC 
[2024-05-25 10:37:37] (ERROR in xPDO\xPDOConnection::connect @ /Applications/MAMP/htdocs/itsy_project/core/vendor/xpdo/xpdo/src/xPDO/xPDOConnection.php : 89) SQLSTATE[HY000] [2002] No such file or directory
[2024-05-25 10:37:37] (ERROR @ /Applications/MAMP/htdocs/itsy_project/core/vendor/xpdo/xpdo/src/xPDO/Om/xPDOQuery.php : 670) Could not construct or prepare query because it is invalid or could not connect: SELECT `modSession`.`id` AS `modSession_id`, `modSession`.`access` AS `modSession_access`, `modSession`.`data` AS `modSession_data` FROM `itsy_session` AS `modSession` WHERE `modSession`.`id` = ? 
[2024-05-25 10:37:37] (ERROR in xPDO\xPDOConnection::connect @ /Applications/MAMP/htdocs/itsy_project/core/vendor/xpdo/xpdo/src/xPDO/xPDOConnection.php : 89) SQLSTATE[HY000] [2002] No such file or directory
[2024-05-25 10:37:37] (ERROR @ /Applications/MAMP/htdocs/itsy_project/core/vendor/xpdo/xpdo/src/xPDO/Om/xPDOObject.php : 250) Error preparing statement for query: SELECT `modSession`.`id` AS `modSession_id`, `modSession`.`access` AS `modSession_access`, `modSession`.`data` AS `modSession_data` FROM `itsy_session` AS `modSession` WHERE `modSession`.`id` = ?  - 
[2024-05-25 10:37:37] (ERROR in xPDO\xPDOConnection::connect @ /Applications/MAMP/htdocs/itsy_project/core/vendor/xpdo/xpdo/src/xPDO/xPDOConnection.php : 89) SQLSTATE[HY000] [2002] No such file or directory
[2024-05-25 10:37:37] (ERROR @ /Applications/MAMP/htdocs/itsy_project/core/vendor/xpdo/xpdo/src/xPDO/Om/xPDOQuery.php : 670) Could not construct or prepare query because it is invalid or could not connect: SELECT modAccessContext.id, modAccessContext.target, modAccessContext.principal, modAccessContext.authority, modAccessContext.policy, Policy.data FROM `itsy_access_context` AS `modAccessContext` LEFT JOIN `itsy_access_policies` `Policy` ON `modAccessContext`.`policy` =  `Policy`.`id` WHERE  ( `modAccessContext`.`principal_class` = ? AND `modAccessContext`.`target` = ? )  ORDER BY modAccessContext.target,modAccessContext.principal,modAccessContext.authority,modAccessContext.policy ASC 
[2024-05-25 10:37:37] (ERROR in xPDO\xPDOConnection::connect @ /Applications/MAMP/htdocs/itsy_project/core/vendor/xpdo/xpdo/src/xPDO/xPDOConnection.php : 89) SQLSTATE[HY000] [2002] No such file or directory
[2024-05-25 10:37:37] (ERROR @ /Applications/MAMP/htdocs/itsy_project/core/vendor/xpdo/xpdo/src/xPDO/Om/xPDOObject.php : 250) Error preparing statement for query: SELECT modAccessContext.id, modAccessContext.target, modAccessContext.principal, modAccessContext.authority, modAccessContext.policy, Policy.data FROM `itsy_access_context` AS `modAccessContext` LEFT JOIN `itsy_access_policies` `Policy` ON `modAccessContext`.`policy` =  `Policy`.`id` WHERE  ( `modAccessContext`.`principal_class` = ? AND `modAccessContext`.`target` = ? )  ORDER BY modAccessContext.target,modAccessContext.principal,modAccessContext.authority,modAccessContext.policy ASC  - 
[2024-05-25 10:37:37] (ERROR @ /Applications/MAMP/htdocs/itsy_project/core/vendor/xpdo/xpdo/src/xPDO/Om/xPDOObject.php : 251) PHP warning: Trying to access array offset on false
[2024-05-25 10:37:37] (ERROR @ /Applications/MAMP/htdocs/itsy_project/core/vendor/xpdo/xpdo/src/xPDO/Om/xPDOObject.php : 251) PHP warning: Trying to access array offset on false
[2024-05-25 10:37:37] (ERROR in xPDO\xPDOConnection::connect @ /Applications/MAMP/htdocs/itsy_project/core/vendor/xpdo/xpdo/src/xPDO/xPDOConnection.php : 89) SQLSTATE[HY000] [2002] No such file or directory
[2024-05-25 10:37:37] (ERROR @ /Applications/MAMP/htdocs/itsy_project/core/vendor/xpdo/xpdo/src/xPDO/Om/xPDOQuery.php : 670) Could not construct or prepare query because it is invalid or could not connect: SELECT `modResource`.* FROM `itsy_site_content` AS `modResource` WHERE  ( `modResource`.`id` = ? AND `modResource`.`deleted` = ? )  
[2024-05-25 10:37:37] (ERROR in xPDO\xPDOConnection::connect @ /Applications/MAMP/htdocs/itsy_project/core/vendor/xpdo/xpdo/src/xPDO/xPDOConnection.php : 89) SQLSTATE[HY000] [2002] No such file or directory
[2024-05-25 10:37:37] (ERROR @ /Applications/MAMP/htdocs/itsy_project/core/vendor/xpdo/xpdo/src/xPDO/Om/xPDOObject.php : 250) Error preparing statement for query: SELECT `modResource`.* FROM `itsy_site_content` AS `modResource` WHERE  ( `modResource`.`id` = ? AND `modResource`.`deleted` = ? )   - 
[2024-05-25 10:37:37] (ERROR @ /Applications/MAMP/htdocs/itsy_project/core/vendor/xpdo/xpdo/src/xPDO/Om/xPDOObject.php : 251) PHP warning: Trying to access array offset on false
[2024-05-25 10:37:37] (ERROR @ /Applications/MAMP/htdocs/itsy_project/core/vendor/xpdo/xpdo/src/xPDO/Om/xPDOObject.php : 251) PHP warning: Trying to access array offset on false
[2024-05-25 10:37:37] (ERROR in xPDO\xPDOConnection::connect @ /Applications/MAMP/htdocs/itsy_project/core/vendor/xpdo/xpdo/src/xPDO/xPDOConnection.php : 89) SQLSTATE[HY000] [2002] No such file or directory
[2024-05-25 10:37:37] (ERROR @ /Applications/MAMP/htdocs/itsy_project/core/vendor/xpdo/xpdo/src/xPDO/Om/xPDOQuery.php : 670) Could not construct or prepare query because it is invalid or could not connect: SELECT `modResource`.* FROM `itsy_site_content` AS `modResource` WHERE  ( `modResource`.`id` = ? AND `modResource`.`deleted` = ? )  
[2024-05-25 10:37:37] (ERROR in xPDO\xPDOConnection::connect @ /Applications/MAMP/htdocs/itsy_project/core/vendor/xpdo/xpdo/src/xPDO/xPDOConnection.php : 89) SQLSTATE[HY000] [2002] No such file or directory
[2024-05-25 10:37:37] (ERROR @ /Applications/MAMP/htdocs/itsy_project/core/vendor/xpdo/xpdo/src/xPDO/Om/xPDOObject.php : 250) Error preparing statement for query: SELECT `modResource`.* FROM `itsy_site_content` AS `modResource` WHERE  ( `modResource`.`id` = ? AND `modResource`.`deleted` = ? )   - 
[2024-05-25 10:37:37] (ERROR @ /Applications/MAMP/htdocs/itsy_project/core/vendor/xpdo/xpdo/src/xPDO/Om/xPDOObject.php : 251) PHP warning: Trying to access array offset on false
[2024-05-25 10:37:37] (ERROR @ /Applications/MAMP/htdocs/itsy_project/core/vendor/xpdo/xpdo/src/xPDO/Om/xPDOObject.php : 251) PHP warning: Trying to access array offset on false
[2024-05-25 10:37:37] (ERROR in xPDO\xPDOConnection::connect @ /Applications/MAMP/htdocs/itsy_project/core/vendor/xpdo/xpdo/src/xPDO/xPDOConnection.php : 89) SQLSTATE[HY000] [2002] No such file or directory
[2024-05-25 10:37:37] (ERROR @ /Applications/MAMP/htdocs/itsy_project/core/vendor/xpdo/xpdo/src/xPDO/Om/xPDOQuery.php : 670) Could not construct or prepare query because it is invalid or could not connect: SELECT `modSession`.`id` AS `modSession_id`, `modSession`.`access` AS `modSession_access`, `modSession`.`data` AS `modSession_data` FROM `itsy_session` AS `modSession` WHERE `modSession`.`id` = ? 
[2024-05-25 10:37:37] (ERROR in xPDO\xPDOConnection::connect @ /Applications/MAMP/htdocs/itsy_project/core/vendor/xpdo/xpdo/src/xPDO/xPDOConnection.php : 89) SQLSTATE[HY000] [2002] No such file or directory
[2024-05-25 10:37:37] (ERROR @ /Applications/MAMP/htdocs/itsy_project/core/vendor/xpdo/xpdo/src/xPDO/Om/xPDOObject.php : 250) Error preparing statement for query: SELECT `modSession`.`id` AS `modSession_id`, `modSession`.`access` AS `modSession_access`, `modSession`.`data` AS `modSession_data` FROM `itsy_session` AS `modSession` WHERE `modSession`.`id` = ?  - 
[2024-05-25 10:37:37] (ERROR @ /Applications/MAMP/htdocs/itsy_project/core/vendor/xpdo/xpdo/src/xPDO/Om/xPDOObject.php : 251) PHP warning: Trying to access array offset on false
[2024-05-25 10:37:37] (ERROR @ /Applications/MAMP/htdocs/itsy_project/core/vendor/xpdo/xpdo/src/xPDO/Om/xPDOObject.php : 251) PHP warning: Trying to access array offset on false
[2024-05-25 10:37:37] (ERROR in xPDO\xPDOConnection::connect @ /Applications/MAMP/htdocs/itsy_project/core/vendor/xpdo/xpdo/src/xPDO/xPDOConnection.php : 89) SQLSTATE[HY000] [2002] No such file or directory
[2024-05-25 10:37:37] (ERROR in xPDO\xPDOConnection::connect @ /Applications/MAMP/htdocs/itsy_project/core/vendor/xpdo/xpdo/src/xPDO/xPDOConnection.php : 89) SQLSTATE[HY000] [2002] No such file or directory
[2024-05-25 10:37:37] (ERROR @ /Applications/MAMP/htdocs/itsy_project/core/src/Revolution/modX.php : 1138) PHP warning: session_write_close(): Failed to write session data using user defined save handler. (session.save_path: , handler: write)
[2024-05-25 11:09:57] (ERROR @ /Applications/MAMP/htdocs/itsy_project/core/vendor/xpdo/xpdo/src/xPDO/Cache/xPDOCacheManager.php : 319) PHP warning: mkdir(): File exists
[2024-05-25 11:09:57] (ERROR @ /Applications/MAMP/htdocs/itsy_project/core/vendor/xpdo/xpdo/src/xPDO/Cache/xPDOCacheManager.php : 324) PHP warning: mkdir(): File exists
[2024-05-25 11:10:47] (ERROR @ /Applications/MAMP/htdocs/itsy_project/core/vendor/xpdo/xpdo/src/xPDO/Cache/xPDOCacheManager.php : 319) PHP warning: mkdir(): File exists
[2024-05-25 11:10:47] (ERROR @ /Applications/MAMP/htdocs/itsy_project/core/vendor/xpdo/xpdo/src/xPDO/Cache/xPDOCacheManager.php : 324) PHP warning: mkdir(): File exists
[2024-05-25 11:11:26] (ERROR @ /Applications/MAMP/htdocs/itsy_project/core/vendor/xpdo/xpdo/src/xPDO/Cache/xPDOCacheManager.php : 319) PHP warning: mkdir(): File exists
[2024-05-25 11:11:26] (ERROR @ /Applications/MAMP/htdocs/itsy_project/core/vendor/xpdo/xpdo/src/xPDO/Cache/xPDOCacheManager.php : 324) PHP warning: mkdir(): File exists
[2024-05-25 11:27:20] (ERROR @ /Applications/MAMP/htdocs/itsy_project/core/src/Revolution/Sources/modMediaSource.php : 2244) PHP warning: exif_read_data(gallery.png): File not supported
[2024-05-25 11:28:51] (ERROR @ /Applications/MAMP/htdocs/itsy_project/core/vendor/xpdo/xpdo/src/xPDO/Cache/xPDOCacheManager.php : 319) PHP warning: mkdir(): File exists
[2024-05-25 11:28:51] (ERROR @ /Applications/MAMP/htdocs/itsy_project/core/vendor/xpdo/xpdo/src/xPDO/Cache/xPDOCacheManager.php : 324) PHP warning: mkdir(): File exists
[2024-05-25 11:30:13] (ERROR @ /Applications/MAMP/htdocs/itsy_project/core/vendor/xpdo/xpdo/src/xPDO/Cache/xPDOCacheManager.php : 319) PHP warning: mkdir(): File exists
[2024-05-25 11:30:13] (ERROR @ /Applications/MAMP/htdocs/itsy_project/core/vendor/xpdo/xpdo/src/xPDO/Cache/xPDOCacheManager.php : 324) PHP warning: mkdir(): File exists
[2024-05-25 11:42:20] (ERROR @ /Applications/MAMP/htdocs/itsy_project/core/vendor/xpdo/xpdo/src/xPDO/Cache/xPDOCacheManager.php : 319) PHP warning: mkdir(): File exists
[2024-05-25 11:42:20] (ERROR @ /Applications/MAMP/htdocs/itsy_project/core/vendor/xpdo/xpdo/src/xPDO/Cache/xPDOCacheManager.php : 324) PHP warning: mkdir(): File exists
[2024-05-25 11:42:46] (ERROR @ /Applications/MAMP/htdocs/itsy_project/core/vendor/xpdo/xpdo/src/xPDO/Cache/xPDOCacheManager.php : 319) PHP warning: mkdir(): File exists
[2024-05-25 11:42:46] (ERROR @ /Applications/MAMP/htdocs/itsy_project/core/vendor/xpdo/xpdo/src/xPDO/Cache/xPDOCacheManager.php : 324) PHP warning: mkdir(): File exists
[2024-05-25 11:45:25] (ERROR @ /Applications/MAMP/htdocs/itsy_project/core/vendor/xpdo/xpdo/src/xPDO/Cache/xPDOCacheManager.php : 319) PHP warning: mkdir(): File exists
[2024-05-25 11:45:25] (ERROR @ /Applications/MAMP/htdocs/itsy_project/core/vendor/xpdo/xpdo/src/xPDO/Cache/xPDOCacheManager.php : 324) PHP warning: mkdir(): File exists
[2024-05-25 11:48:43] (ERROR @ /Applications/MAMP/htdocs/itsy_project/core/vendor/xpdo/xpdo/src/xPDO/Cache/xPDOCacheManager.php : 319) PHP warning: mkdir(): File exists
[2024-05-25 11:48:43] (ERROR @ /Applications/MAMP/htdocs/itsy_project/core/vendor/xpdo/xpdo/src/xPDO/Cache/xPDOCacheManager.php : 324) PHP warning: mkdir(): File exists
[2024-05-25 12:04:23] (ERROR @ /Applications/MAMP/htdocs/itsy_project/core/vendor/xpdo/xpdo/src/xPDO/Cache/xPDOCacheManager.php : 319) PHP warning: mkdir(): File exists
[2024-05-25 12:04:23] (ERROR @ /Applications/MAMP/htdocs/itsy_project/core/vendor/xpdo/xpdo/src/xPDO/Cache/xPDOCacheManager.php : 324) PHP warning: mkdir(): File exists
[2024-05-25 12:09:44] (ERROR @ /Applications/MAMP/htdocs/itsy_project/core/vendor/xpdo/xpdo/src/xPDO/Cache/xPDOCacheManager.php : 319) PHP warning: mkdir(): File exists
[2024-05-25 12:09:44] (ERROR @ /Applications/MAMP/htdocs/itsy_project/core/vendor/xpdo/xpdo/src/xPDO/Cache/xPDOCacheManager.php : 324) PHP warning: mkdir(): File exists
[2024-05-25 12:25:15] (ERROR @ /Applications/MAMP/htdocs/itsy_project/core/vendor/xpdo/xpdo/src/xPDO/Cache/xPDOCacheManager.php : 319) PHP warning: mkdir(): File exists
[2024-05-25 12:25:15] (ERROR @ /Applications/MAMP/htdocs/itsy_project/core/vendor/xpdo/xpdo/src/xPDO/Cache/xPDOCacheManager.php : 324) PHP warning: mkdir(): File exists
[2024-05-25 12:28:16] (ERROR @ /Applications/MAMP/htdocs/itsy_project/core/src/Revolution/Sources/modMediaSource.php : 2244) PHP warning: exif_read_data(loader.gif): File not supported
[2024-05-25 12:28:20] (ERROR @ /Applications/MAMP/htdocs/itsy_project/core/src/Revolution/Sources/modMediaSource.php : 2284) PHP warning: Undefined variable $image
[2024-05-25 12:28:23] (ERROR @ /Applications/MAMP/htdocs/itsy_project/core/src/Revolution/Sources/modMediaSource.php : 2284) PHP warning: Undefined variable $image
[2024-05-25 12:28:58] (ERROR @ /Applications/MAMP/htdocs/itsy_project/core/vendor/xpdo/xpdo/src/xPDO/Cache/xPDOCacheManager.php : 319) PHP warning: mkdir(): File exists
[2024-05-25 12:28:58] (ERROR @ /Applications/MAMP/htdocs/itsy_project/core/vendor/xpdo/xpdo/src/xPDO/Cache/xPDOCacheManager.php : 324) PHP warning: mkdir(): File exists
[2024-05-25 13:19:10] (ERROR in xPDO\xPDOConnection::connect @ /Applications/MAMP/htdocs/itsy_project/core/vendor/xpdo/xpdo/src/xPDO/xPDOConnection.php : 89) SQLSTATE[HY000] [2002] No such file or directory
[2024-05-25 13:19:10] (ERROR @ /Applications/MAMP/htdocs/itsy_project/core/vendor/xpdo/xpdo/src/xPDO/Om/xPDOQuery.php : 670) Could not construct or prepare query because it is invalid or could not connect: SELECT `modExtensionPackage`.`id`, `modExtensionPackage`.`namespace`, `modExtensionPackage`.`name`, `modExtensionPackage`.`path`, `modExtensionPackage`.`table_prefix`, `modExtensionPackage`.`service_class`, `modExtensionPackage`.`service_name`, `modExtensionPackage`.`created_at`, `modExtensionPackage`.`updated_at`, Namespace.path AS namespace_path FROM `itsy_extension_packages` AS `modExtensionPackage` JOIN `itsy_namespaces` `Namespace` ON `modExtensionPackage`.`namespace` =  `Namespace`.`name` ORDER BY namespace ASC 
[2024-05-25 13:19:10] (ERROR in xPDO\xPDOConnection::connect @ /Applications/MAMP/htdocs/itsy_project/core/vendor/xpdo/xpdo/src/xPDO/xPDOConnection.php : 89) SQLSTATE[HY000] [2002] No such file or directory
[2024-05-25 13:19:10] (ERROR @ /Applications/MAMP/htdocs/itsy_project/core/vendor/xpdo/xpdo/src/xPDO/Om/xPDOQuery.php : 670) Could not construct or prepare query because it is invalid or could not connect: SELECT `modSession`.`id` AS `modSession_id`, `modSession`.`access` AS `modSession_access`, `modSession`.`data` AS `modSession_data` FROM `itsy_session` AS `modSession` WHERE `modSession`.`id` = ? 
[2024-05-25 13:19:10] (ERROR in xPDO\xPDOConnection::connect @ /Applications/MAMP/htdocs/itsy_project/core/vendor/xpdo/xpdo/src/xPDO/xPDOConnection.php : 89) SQLSTATE[HY000] [2002] No such file or directory
[2024-05-25 13:19:10] (ERROR @ /Applications/MAMP/htdocs/itsy_project/core/vendor/xpdo/xpdo/src/xPDO/Om/xPDOObject.php : 250) Error preparing statement for query: SELECT `modSession`.`id` AS `modSession_id`, `modSession`.`access` AS `modSession_access`, `modSession`.`data` AS `modSession_data` FROM `itsy_session` AS `modSession` WHERE `modSession`.`id` = ?  - 
[2024-05-25 13:19:10] (ERROR in xPDO\xPDOConnection::connect @ /Applications/MAMP/htdocs/itsy_project/core/vendor/xpdo/xpdo/src/xPDO/xPDOConnection.php : 89) SQLSTATE[HY000] [2002] No such file or directory
[2024-05-25 13:19:10] (ERROR @ /Applications/MAMP/htdocs/itsy_project/core/vendor/xpdo/xpdo/src/xPDO/Om/xPDOQuery.php : 670) Could not construct or prepare query because it is invalid or could not connect: SELECT `modSession`.`id` AS `modSession_id`, `modSession`.`access` AS `modSession_access`, `modSession`.`data` AS `modSession_data` FROM `itsy_session` AS `modSession` WHERE `modSession`.`id` = ? 
[2024-05-25 13:19:10] (ERROR in xPDO\xPDOConnection::connect @ /Applications/MAMP/htdocs/itsy_project/core/vendor/xpdo/xpdo/src/xPDO/xPDOConnection.php : 89) SQLSTATE[HY000] [2002] No such file or directory
[2024-05-25 13:19:10] (ERROR @ /Applications/MAMP/htdocs/itsy_project/core/vendor/xpdo/xpdo/src/xPDO/Om/xPDOObject.php : 250) Error preparing statement for query: SELECT `modSession`.`id` AS `modSession_id`, `modSession`.`access` AS `modSession_access`, `modSession`.`data` AS `modSession_data` FROM `itsy_session` AS `modSession` WHERE `modSession`.`id` = ?  - 
[2024-05-25 13:19:10] (ERROR @ /Applications/MAMP/htdocs/itsy_project/core/vendor/xpdo/xpdo/src/xPDO/Om/xPDOObject.php : 251) PHP warning: Trying to access array offset on false
[2024-05-25 13:19:10] (ERROR @ /Applications/MAMP/htdocs/itsy_project/core/vendor/xpdo/xpdo/src/xPDO/Om/xPDOObject.php : 251) PHP warning: Trying to access array offset on false
[2024-05-25 13:19:10] (ERROR in xPDO\xPDOConnection::connect @ /Applications/MAMP/htdocs/itsy_project/core/vendor/xpdo/xpdo/src/xPDO/xPDOConnection.php : 89) SQLSTATE[HY000] [2002] No such file or directory
[2024-05-25 13:19:10] (ERROR in xPDO\xPDOConnection::connect @ /Applications/MAMP/htdocs/itsy_project/core/vendor/xpdo/xpdo/src/xPDO/xPDOConnection.php : 89) SQLSTATE[HY000] [2002] No such file or directory
[2024-05-25 13:19:10] (ERROR @ /Applications/MAMP/htdocs/itsy_project/core/src/Revolution/modResponse.php : 184) PHP warning: session_write_close(): Failed to write session data using user defined save handler. (session.save_path: , handler: write)
[2024-05-25 13:22:02] (ERROR @ /Applications/MAMP/htdocs/itsy_project/core/vendor/xpdo/xpdo/src/xPDO/Cache/xPDOCacheManager.php : 319) PHP warning: mkdir(): File exists
[2024-05-25 13:22:02] (ERROR @ /Applications/MAMP/htdocs/itsy_project/core/vendor/xpdo/xpdo/src/xPDO/Cache/xPDOCacheManager.php : 324) PHP warning: mkdir(): File exists
[2024-05-25 13:28:14] (ERROR @ /Applications/MAMP/htdocs/itsy_project/core/vendor/xpdo/xpdo/src/xPDO/Cache/xPDOCacheManager.php : 319) PHP warning: mkdir(): File exists
[2024-05-25 13:28:14] (ERROR @ /Applications/MAMP/htdocs/itsy_project/core/vendor/xpdo/xpdo/src/xPDO/Cache/xPDOCacheManager.php : 324) PHP warning: mkdir(): File exists
[2024-05-25 13:29:44] (ERROR @ /Applications/MAMP/htdocs/itsy_project/core/vendor/xpdo/xpdo/src/xPDO/Cache/xPDOCacheManager.php : 319) PHP warning: mkdir(): File exists
[2024-05-25 13:29:44] (ERROR @ /Applications/MAMP/htdocs/itsy_project/core/vendor/xpdo/xpdo/src/xPDO/Cache/xPDOCacheManager.php : 324) PHP warning: mkdir(): File exists
[2024-05-25 13:30:07] (ERROR @ /Applications/MAMP/htdocs/itsy_project/core/vendor/xpdo/xpdo/src/xPDO/Cache/xPDOCacheManager.php : 319) PHP warning: mkdir(): File exists
[2024-05-25 13:30:07] (ERROR @ /Applications/MAMP/htdocs/itsy_project/core/vendor/xpdo/xpdo/src/xPDO/Cache/xPDOCacheManager.php : 324) PHP warning: mkdir(): File exists
[2024-05-25 13:37:28] (ERROR @ /Applications/MAMP/htdocs/itsy_project/core/vendor/xpdo/xpdo/src/xPDO/Cache/xPDOCacheManager.php : 319) PHP warning: mkdir(): File exists
[2024-05-25 13:37:28] (ERROR @ /Applications/MAMP/htdocs/itsy_project/core/vendor/xpdo/xpdo/src/xPDO/Cache/xPDOCacheManager.php : 324) PHP warning: mkdir(): File exists
[2024-05-25 13:41:45] (ERROR @ /Applications/MAMP/htdocs/itsy_project/core/vendor/xpdo/xpdo/src/xPDO/Cache/xPDOCacheManager.php : 319) PHP warning: mkdir(): File exists
[2024-05-25 13:41:45] (ERROR @ /Applications/MAMP/htdocs/itsy_project/core/vendor/xpdo/xpdo/src/xPDO/Cache/xPDOCacheManager.php : 324) PHP warning: mkdir(): File exists
[2024-05-25 15:22:30] (ERROR @ /Applications/MAMP/htdocs/minimal_project/core/vendor/xpdo/xpdo/src/xPDO/Cache/xPDOCacheManager.php : 319) PHP warning: mkdir(): File exists
[2024-05-25 15:22:30] (ERROR @ /Applications/MAMP/htdocs/minimal_project/core/vendor/xpdo/xpdo/src/xPDO/Cache/xPDOCacheManager.php : 324) PHP warning: mkdir(): File exists
[2024-05-25 15:24:27] (ERROR @ /Applications/MAMP/htdocs/minimal_project/core/vendor/xpdo/xpdo/src/xPDO/Cache/xPDOCacheManager.php : 319) PHP warning: mkdir(): File exists
[2024-05-25 15:24:27] (ERROR @ /Applications/MAMP/htdocs/minimal_project/core/vendor/xpdo/xpdo/src/xPDO/Cache/xPDOCacheManager.php : 324) PHP warning: mkdir(): File exists
[2024-05-25 15:25:01] (ERROR @ /Applications/MAMP/htdocs/minimal_project/core/vendor/xpdo/xpdo/src/xPDO/Cache/xPDOCacheManager.php : 319) PHP warning: mkdir(): File exists
[2024-05-25 15:25:01] (ERROR @ /Applications/MAMP/htdocs/minimal_project/core/vendor/xpdo/xpdo/src/xPDO/Cache/xPDOCacheManager.php : 324) PHP warning: mkdir(): File exists
[2024-05-25 15:34:28] (ERROR @ /Applications/MAMP/htdocs/minimal_project/core/vendor/xpdo/xpdo/src/xPDO/Cache/xPDOCacheManager.php : 319) PHP warning: mkdir(): File exists
[2024-05-25 15:34:28] (ERROR @ /Applications/MAMP/htdocs/minimal_project/core/vendor/xpdo/xpdo/src/xPDO/Cache/xPDOCacheManager.php : 324) PHP warning: mkdir(): File exists
[2024-05-25 15:37:25] (ERROR @ /Applications/MAMP/htdocs/minimal_project/core/vendor/xpdo/xpdo/src/xPDO/Cache/xPDOCacheManager.php : 319) PHP warning: mkdir(): File exists
[2024-05-25 15:37:25] (ERROR @ /Applications/MAMP/htdocs/minimal_project/core/vendor/xpdo/xpdo/src/xPDO/Cache/xPDOCacheManager.php : 324) PHP warning: mkdir(): File exists
[2024-05-25 15:48:14] (ERROR @ /Applications/MAMP/htdocs/minimal_project/core/vendor/xpdo/xpdo/src/xPDO/Cache/xPDOCacheManager.php : 319) PHP warning: mkdir(): File exists
[2024-05-25 15:48:14] (ERROR @ /Applications/MAMP/htdocs/minimal_project/core/vendor/xpdo/xpdo/src/xPDO/Cache/xPDOCacheManager.php : 324) PHP warning: mkdir(): File exists
[2024-05-25 15:49:47] (ERROR @ /Applications/MAMP/htdocs/minimal_project/core/vendor/xpdo/xpdo/src/xPDO/Cache/xPDOCacheManager.php : 319) PHP warning: mkdir(): File exists
[2024-05-25 15:49:47] (ERROR @ /Applications/MAMP/htdocs/minimal_project/core/vendor/xpdo/xpdo/src/xPDO/Cache/xPDOCacheManager.php : 324) PHP warning: mkdir(): File exists
[2024-05-25 15:59:05] (ERROR @ /Applications/MAMP/htdocs/minimal_project/core/vendor/xpdo/xpdo/src/xPDO/Cache/xPDOCacheManager.php : 324) PHP warning: mkdir(): File exists
[2024-05-25 15:59:50] (ERROR @ /Applications/MAMP/htdocs/minimal_project/core/vendor/xpdo/xpdo/src/xPDO/Cache/xPDOCacheManager.php : 319) PHP warning: mkdir(): File exists
[2024-05-25 15:59:50] (ERROR @ /Applications/MAMP/htdocs/minimal_project/core/vendor/xpdo/xpdo/src/xPDO/Cache/xPDOCacheManager.php : 324) PHP warning: mkdir(): File exists
[2024-05-25 16:26:36] (ERROR @ /Applications/MAMP/htdocs/minimal_project/core/vendor/xpdo/xpdo/src/xPDO/Cache/xPDOCacheManager.php : 319) PHP warning: mkdir(): File exists
[2024-05-25 16:26:36] (ERROR @ /Applications/MAMP/htdocs/minimal_project/core/vendor/xpdo/xpdo/src/xPDO/Cache/xPDOCacheManager.php : 324) PHP warning: mkdir(): File exists
[2024-05-25 16:26:53] (ERROR @ /Applications/MAMP/htdocs/minimal_project/core/vendor/xpdo/xpdo/src/xPDO/Cache/xPDOCacheManager.php : 319) PHP warning: mkdir(): File exists
[2024-05-25 16:26:53] (ERROR @ /Applications/MAMP/htdocs/minimal_project/core/vendor/xpdo/xpdo/src/xPDO/Cache/xPDOCacheManager.php : 324) PHP warning: mkdir(): File exists
[2024-05-25 16:26:57] (ERROR @ /Applications/MAMP/htdocs/minimal_project/core/vendor/xpdo/xpdo/src/xPDO/Cache/xPDOCacheManager.php : 319) PHP warning: mkdir(): File exists
[2024-05-25 16:26:57] (ERROR @ /Applications/MAMP/htdocs/minimal_project/core/vendor/xpdo/xpdo/src/xPDO/Cache/xPDOCacheManager.php : 324) PHP warning: mkdir(): File exists
[2024-05-25 23:01:38] (ERROR @ /Applications/MAMP/htdocs/minimal_project/core/vendor/xpdo/xpdo/src/xPDO/Cache/xPDOCacheManager.php : 319) PHP warning: mkdir(): File exists
[2024-05-25 23:01:38] (ERROR @ /Applications/MAMP/htdocs/minimal_project/core/vendor/xpdo/xpdo/src/xPDO/Cache/xPDOCacheManager.php : 324) PHP warning: mkdir(): File exists
[2024-05-26 11:11:33] (ERROR @ /Applications/MAMP/htdocs/minimal_project/core/vendor/xpdo/xpdo/src/xPDO/Cache/xPDOCacheManager.php : 319) PHP warning: mkdir(): File exists
[2024-05-26 11:11:33] (ERROR @ /Applications/MAMP/htdocs/minimal_project/core/vendor/xpdo/xpdo/src/xPDO/Cache/xPDOCacheManager.php : 324) PHP warning: mkdir(): File exists
[2024-05-26 11:15:18] (ERROR @ /Applications/MAMP/htdocs/minimal_project/core/vendor/xpdo/xpdo/src/xPDO/Cache/xPDOCacheManager.php : 319) PHP warning: mkdir(): File exists
[2024-05-26 11:15:18] (ERROR @ /Applications/MAMP/htdocs/minimal_project/core/vendor/xpdo/xpdo/src/xPDO/Cache/xPDOCacheManager.php : 324) PHP warning: mkdir(): File exists
[2024-05-26 11:19:37] (ERROR @ /Applications/MAMP/htdocs/minimal_project/core/src/Revolution/Sources/modMediaSource.php : 2244) PHP warning: exif_read_data(img_bg_1.jpg): File not supported
[2024-05-26 11:19:37] (ERROR @ /Applications/MAMP/htdocs/minimal_project/core/src/Revolution/Sources/modMediaSource.php : 2244) PHP warning: exif_read_data(loader.gif): File not supported
[2024-05-26 11:19:50] (ERROR @ /Applications/MAMP/htdocs/minimal_project/core/vendor/james-heinrich/phpthumb/phpthumb.class.php : 1591) PHP warning: file_get_contents(/Applications/MAMP/htdocs/minimal_project/core/cache/phpthumb/phpThumbCacheIMversion.txt): Failed to open stream: No such file or directory
[2024-05-26 11:19:50] (ERROR @ /Applications/MAMP/htdocs/minimal_project/core/vendor/james-heinrich/phpthumb/phpthumb.class.php : 1518) PHP warning: file_get_contents(/Applications/MAMP/htdocs/minimal_project/core/cache/phpthumb/phpThumbCacheIMcommandlineBase.txt): Failed to open stream: No such file or directory
[2024-05-26 11:19:50] (ERROR @ /Applications/MAMP/htdocs/minimal_project/core/vendor/james-heinrich/phpthumb/phpthumb.class.php : 1495) PHP warning: file_get_contents(/Applications/MAMP/htdocs/minimal_project/core/cache/phpthumb/phpThumbCacheIMwhichConvert.txt): Failed to open stream: No such file or directory
[2024-05-26 11:19:50] (ERROR @ /Applications/MAMP/htdocs/minimal_project/core/vendor/james-heinrich/phpthumb/phpthumb.class.php : 2498) PHP warning: Undefined array key "Orientation"
[2024-05-26 11:19:50] (ERROR @ /Applications/MAMP/htdocs/minimal_project/core/vendor/james-heinrich/phpthumb/phpthumb.class.php : 2513) PHP warning: Undefined array key "Orientation"
[2024-05-26 11:19:52] (ERROR @ /Applications/MAMP/htdocs/minimal_project/core/vendor/james-heinrich/phpthumb/phpthumb.class.php : 2498) PHP warning: Undefined array key "Orientation"
[2024-05-26 11:19:52] (ERROR @ /Applications/MAMP/htdocs/minimal_project/core/vendor/james-heinrich/phpthumb/phpthumb.class.php : 2513) PHP warning: Undefined array key "Orientation"
[2024-05-26 11:19:53] (ERROR @ /Applications/MAMP/htdocs/minimal_project/core/vendor/james-heinrich/phpthumb/phpthumb.class.php : 4460) PHP warning: imagecreatefromstring(): No AVIF support in this PHP build
[2024-05-26 11:19:53] (ERROR @ /Applications/MAMP/htdocs/minimal_project/core/src/Revolution/modPhpThumb.php : 229) phpThumb was unable to generate a thumbnail for: /Applications/MAMP/htdocs/minimal_project/core/cache/phpthumb/localhost__src0b87e622c623766f3c9a08e6694cd30e_par8cda8057fa47e078524e68d375bcd048_dat1716722348.png
[2024-05-26 11:19:53] (ERROR @ /Applications/MAMP/htdocs/minimal_project/core/src/Revolution/modPhpThumb.php : 245) Error outputting thumbnail:
OutputThumbnail() failed because !is_resource($this->gdimg_output) in file "phpthumb.class.php" on line 702
[2024-05-26 11:20:03] (ERROR @ /Applications/MAMP/htdocs/minimal_project/core/vendor/james-heinrich/phpthumb/phpthumb.class.php : 2498) PHP warning: Undefined array key "Orientation"
[2024-05-26 11:20:03] (ERROR @ /Applications/MAMP/htdocs/minimal_project/core/vendor/james-heinrich/phpthumb/phpthumb.class.php : 2513) PHP warning: Undefined array key "Orientation"
[2024-05-26 11:20:03] (ERROR @ /Applications/MAMP/htdocs/minimal_project/core/vendor/james-heinrich/phpthumb/phpthumb.class.php : 2498) PHP warning: Undefined array key "Orientation"
[2024-05-26 11:20:03] (ERROR @ /Applications/MAMP/htdocs/minimal_project/core/vendor/james-heinrich/phpthumb/phpthumb.class.php : 2513) PHP warning: Undefined array key "Orientation"
[2024-05-26 11:20:03] (ERROR @ /Applications/MAMP/htdocs/minimal_project/core/vendor/james-heinrich/phpthumb/phpthumb.class.php : 2496) PHP warning: exif_read_data(loader.gif): File not supported
[2024-05-26 11:29:03] (ERROR @ /Applications/MAMP/htdocs/minimal_project/core/src/Revolution/Sources/modMediaSource.php : 2244) PHP warning: exif_read_data(loader.gif): File not supported
